mode: set
github.com/nuntiodev/nuntio-user-block/token/validate_token.go:10.107,14.47 1 1
github.com/nuntiodev/nuntio-user-block/token/validate_token.go:18.2,18.16 1 1
github.com/nuntiodev/nuntio-user-block/token/validate_token.go:21.2,21.26 1 1
github.com/nuntiodev/nuntio-user-block/token/validate_token.go:24.2,25.9 2 1
github.com/nuntiodev/nuntio-user-block/token/validate_token.go:28.2,28.29 1 1
github.com/nuntiodev/nuntio-user-block/token/validate_token.go:31.2,31.20 1 1
github.com/nuntiodev/nuntio-user-block/token/validate_token.go:14.47,16.4 1 1
github.com/nuntiodev/nuntio-user-block/token/validate_token.go:18.16,20.3 1 1
github.com/nuntiodev/nuntio-user-block/token/validate_token.go:21.26,23.3 1 0
github.com/nuntiodev/nuntio-user-block/token/validate_token.go:25.9,27.3 1 0
github.com/nuntiodev/nuntio-user-block/token/validate_token.go:28.29,30.3 1 0
github.com/nuntiodev/nuntio-user-block/token/generate_token.go:12.173,14.30 2 1
github.com/nuntiodev/nuntio-user-block/token/generate_token.go:17.2,17.67 1 1
github.com/nuntiodev/nuntio-user-block/token/generate_token.go:20.2,20.58 1 1
github.com/nuntiodev/nuntio-user-block/token/generate_token.go:23.2,35.16 3 1
github.com/nuntiodev/nuntio-user-block/token/generate_token.go:38.2,38.34 1 1
github.com/nuntiodev/nuntio-user-block/token/generate_token.go:14.30,16.3 1 1
github.com/nuntiodev/nuntio-user-block/token/generate_token.go:17.67,19.3 1 1
github.com/nuntiodev/nuntio-user-block/token/generate_token.go:20.58,22.3 1 1
github.com/nuntiodev/nuntio-user-block/token/generate_token.go:35.16,37.3 1 0
github.com/nuntiodev/nuntio-user-block/token/token.go:22.27,24.2 1 1
github.com/nuntiodev/nuntio-user-block/repository/user_repository/delete.go:11.84,13.52 2 1
github.com/nuntiodev/nuntio-user-block/repository/user_repository/delete.go:16.2,17.19 2 1
github.com/nuntiodev/nuntio-user-block/repository/user_repository/delete.go:24.2,25.16 2 1
github.com/nuntiodev/nuntio-user-block/repository/user_repository/delete.go:28.2,28.30 1 1
github.com/nuntiodev/nuntio-user-block/repository/user_repository/delete.go:31.2,31.12 1 1
github.com/nuntiodev/nuntio-user-block/repository/user_repository/delete.go:13.52,15.3 1 0
github.com/nuntiodev/nuntio-user-block/repository/user_repository/delete.go:17.19,19.3 1 1
github.com/nuntiodev/nuntio-user-block/repository/user_repository/delete.go:19.8,19.29 1 0
github.com/nuntiodev/nuntio-user-block/repository/user_repository/delete.go:19.29,21.3 1 0
github.com/nuntiodev/nuntio-user-block/repository/user_repository/delete.go:21.8,21.34 1 0
github.com/nuntiodev/nuntio-user-block/repository/user_repository/delete.go:21.34,23.3 1 0
github.com/nuntiodev/nuntio-user-block/repository/user_repository/delete.go:25.16,27.3 1 0
github.com/nuntiodev/nuntio-user-block/repository/user_repository/delete.go:28.30,30.3 1 0
github.com/nuntiodev/nuntio-user-block/repository/user_repository/user_repository.go:84.219,101.89 2 1
github.com/nuntiodev/nuntio-user-block/repository/user_repository/user_repository.go:104.2,120.85 2 1
github.com/nuntiodev/nuntio-user-block/repository/user_repository/user_repository.go:123.2,129.8 1 1
github.com/nuntiodev/nuntio-user-block/repository/user_repository/user_repository.go:101.89,103.3 1 0
github.com/nuntiodev/nuntio-user-block/repository/user_repository/user_repository.go:120.85,122.3 1 0
github.com/nuntiodev/nuntio-user-block/repository/user_repository/user_repository.go:132.194,134.2 1 0
github.com/nuntiodev/nuntio-user-block/repository/user_repository/update_metadata.go:10.132,12.51 2 1
github.com/nuntiodev/nuntio-user-block/repository/user_repository/update_metadata.go:15.2,16.65 2 1
github.com/nuntiodev/nuntio-user-block/repository/user_repository/update_metadata.go:19.2,20.16 2 1
github.com/nuntiodev/nuntio-user-block/repository/user_repository/update_metadata.go:23.2,33.66 6 1
github.com/nuntiodev/nuntio-user-block/repository/user_repository/update_metadata.go:38.2,50.16 3 1
github.com/nuntiodev/nuntio-user-block/repository/user_repository/update_metadata.go:53.2,53.36 1 1
github.com/nuntiodev/nuntio-user-block/repository/user_repository/update_metadata.go:57.2,59.17 3 1
github.com/nuntiodev/nuntio-user-block/repository/user_repository/update_metadata.go:12.51,14.3 1 1
github.com/nuntiodev/nuntio-user-block/repository/user_repository/update_metadata.go:16.65,18.3 1 1
github.com/nuntiodev/nuntio-user-block/repository/user_repository/update_metadata.go:20.16,22.3 1 0
github.com/nuntiodev/nuntio-user-block/repository/user_repository/update_metadata.go:33.66,34.78 1 1
github.com/nuntiodev/nuntio-user-block/repository/user_repository/update_metadata.go:34.78,36.4 1 0
github.com/nuntiodev/nuntio-user-block/repository/user_repository/update_metadata.go:50.16,52.3 1 0
github.com/nuntiodev/nuntio-user-block/repository/user_repository/update_metadata.go:53.36,55.3 1 0
github.com/nuntiodev/nuntio-user-block/repository/user_repository/decrypt_user.go:8.94,9.17 1 1
github.com/nuntiodev/nuntio-user-block/repository/user_repository/decrypt_user.go:13.2,13.28 1 1
github.com/nuntiodev/nuntio-user-block/repository/user_repository/decrypt_user.go:26.2,26.61 1 1
github.com/nuntiodev/nuntio-user-block/repository/user_repository/decrypt_user.go:31.2,31.12 1 1
github.com/nuntiodev/nuntio-user-block/repository/user_repository/decrypt_user.go:9.17,11.3 1 0
github.com/nuntiodev/nuntio-user-block/repository/user_repository/decrypt_user.go:13.28,14.68 1 1
github.com/nuntiodev/nuntio-user-block/repository/user_repository/decrypt_user.go:14.68,16.18 2 1
github.com/nuntiodev/nuntio-user-block/repository/user_repository/decrypt_user.go:19.4,19.55 1 1
github.com/nuntiodev/nuntio-user-block/repository/user_repository/decrypt_user.go:16.18,18.5 1 0
github.com/nuntiodev/nuntio-user-block/repository/user_repository/decrypt_user.go:19.55,21.5 1 0
github.com/nuntiodev/nuntio-user-block/repository/user_repository/decrypt_user.go:22.9,24.4 1 0
github.com/nuntiodev/nuntio-user-block/repository/user_repository/decrypt_user.go:26.61,27.66 1 1
github.com/nuntiodev/nuntio-user-block/repository/user_repository/decrypt_user.go:27.66,29.4 1 0
github.com/nuntiodev/nuntio-user-block/repository/user_repository/decrypt_user.go:34.77,35.17 1 1
github.com/nuntiodev/nuntio-user-block/repository/user_repository/decrypt_user.go:38.2,38.22 1 1
github.com/nuntiodev/nuntio-user-block/repository/user_repository/decrypt_user.go:45.2,45.22 1 1
github.com/nuntiodev/nuntio-user-block/repository/user_repository/decrypt_user.go:52.2,52.25 1 1
github.com/nuntiodev/nuntio-user-block/repository/user_repository/decrypt_user.go:59.2,59.12 1 1
github.com/nuntiodev/nuntio-user-block/repository/user_repository/decrypt_user.go:35.17,37.3 1 0
github.com/nuntiodev/nuntio-user-block/repository/user_repository/decrypt_user.go:38.22,40.17 2 1
github.com/nuntiodev/nuntio-user-block/repository/user_repository/decrypt_user.go:43.3,43.24 1 1
github.com/nuntiodev/nuntio-user-block/repository/user_repository/decrypt_user.go:40.17,42.4 1 0
github.com/nuntiodev/nuntio-user-block/repository/user_repository/decrypt_user.go:45.22,47.17 2 1
github.com/nuntiodev/nuntio-user-block/repository/user_repository/decrypt_user.go:50.3,50.24 1 1
github.com/nuntiodev/nuntio-user-block/repository/user_repository/decrypt_user.go:47.17,49.4 1 0
github.com/nuntiodev/nuntio-user-block/repository/user_repository/decrypt_user.go:52.25,54.17 2 1
github.com/nuntiodev/nuntio-user-block/repository/user_repository/decrypt_user.go:57.3,57.30 1 1
github.com/nuntiodev/nuntio-user-block/repository/user_repository/decrypt_user.go:54.17,56.4 1 0
github.com/nuntiodev/nuntio-user-block/repository/user_repository/delete_all.go:7.66,8.47 1 1
github.com/nuntiodev/nuntio-user-block/repository/user_repository/delete_all.go:11.2,11.12 1 1
github.com/nuntiodev/nuntio-user-block/repository/user_repository/delete_all.go:8.47,10.3 1 0
github.com/nuntiodev/nuntio-user-block/repository/user_repository/encrypt_user.go:9.92,10.17 1 1
github.com/nuntiodev/nuntio-user-block/repository/user_repository/encrypt_user.go:13.2,13.16 1 1
github.com/nuntiodev/nuntio-user-block/repository/user_repository/encrypt_user.go:58.2,58.12 1 1
github.com/nuntiodev/nuntio-user-block/repository/user_repository/encrypt_user.go:10.17,12.3 1 0
github.com/nuntiodev/nuntio-user-block/repository/user_repository/encrypt_user.go:14.45,16.36 1 1
github.com/nuntiodev/nuntio-user-block/repository/user_repository/encrypt_user.go:25.3,25.40 1 1
github.com/nuntiodev/nuntio-user-block/repository/user_repository/encrypt_user.go:38.88,39.62 1 1
github.com/nuntiodev/nuntio-user-block/repository/user_repository/encrypt_user.go:45.3,45.66 1 1
github.com/nuntiodev/nuntio-user-block/repository/user_repository/encrypt_user.go:55.10,56.36 1 0
github.com/nuntiodev/nuntio-user-block/repository/user_repository/encrypt_user.go:16.36,17.67 1 1
github.com/nuntiodev/nuntio-user-block/repository/user_repository/encrypt_user.go:20.4,22.33 3 1
github.com/nuntiodev/nuntio-user-block/repository/user_repository/encrypt_user.go:17.67,19.5 1 0
github.com/nuntiodev/nuntio-user-block/repository/user_repository/encrypt_user.go:25.40,28.18 2 1
github.com/nuntiodev/nuntio-user-block/repository/user_repository/encrypt_user.go:31.4,31.55 1 1
github.com/nuntiodev/nuntio-user-block/repository/user_repository/encrypt_user.go:34.4,36.33 3 1
github.com/nuntiodev/nuntio-user-block/repository/user_repository/encrypt_user.go:28.18,30.5 1 0
github.com/nuntiodev/nuntio-user-block/repository/user_repository/encrypt_user.go:31.55,33.5 1 0
github.com/nuntiodev/nuntio-user-block/repository/user_repository/encrypt_user.go:39.62,40.67 1 1
github.com/nuntiodev/nuntio-user-block/repository/user_repository/encrypt_user.go:43.4,43.33 1 1
github.com/nuntiodev/nuntio-user-block/repository/user_repository/encrypt_user.go:40.67,42.5 1 0
github.com/nuntiodev/nuntio-user-block/repository/user_repository/encrypt_user.go:45.66,47.18 2 1
github.com/nuntiodev/nuntio-user-block/repository/user_repository/encrypt_user.go:50.4,50.57 1 1
github.com/nuntiodev/nuntio-user-block/repository/user_repository/encrypt_user.go:53.4,53.33 1 1
github.com/nuntiodev/nuntio-user-block/repository/user_repository/encrypt_user.go:47.18,49.5 1 0
github.com/nuntiodev/nuntio-user-block/repository/user_repository/encrypt_user.go:50.57,52.5 1 0
github.com/nuntiodev/nuntio-user-block/repository/user_repository/encrypt_user.go:61.77,62.17 1 1
github.com/nuntiodev/nuntio-user-block/repository/user_repository/encrypt_user.go:67.2,67.22 1 1
github.com/nuntiodev/nuntio-user-block/repository/user_repository/encrypt_user.go:74.2,74.22 1 1
github.com/nuntiodev/nuntio-user-block/repository/user_repository/encrypt_user.go:81.2,81.25 1 1
github.com/nuntiodev/nuntio-user-block/repository/user_repository/encrypt_user.go:88.2,89.12 2 1
github.com/nuntiodev/nuntio-user-block/repository/user_repository/encrypt_user.go:62.17,64.3 1 0
github.com/nuntiodev/nuntio-user-block/repository/user_repository/encrypt_user.go:64.8,64.32 1 1
github.com/nuntiodev/nuntio-user-block/repository/user_repository/encrypt_user.go:64.32,66.3 1 0
github.com/nuntiodev/nuntio-user-block/repository/user_repository/encrypt_user.go:67.22,69.17 2 1
github.com/nuntiodev/nuntio-user-block/repository/user_repository/encrypt_user.go:72.3,72.24 1 1
github.com/nuntiodev/nuntio-user-block/repository/user_repository/encrypt_user.go:69.17,71.4 1 0
github.com/nuntiodev/nuntio-user-block/repository/user_repository/encrypt_user.go:74.22,76.17 2 1
github.com/nuntiodev/nuntio-user-block/repository/user_repository/encrypt_user.go:79.3,79.24 1 1
github.com/nuntiodev/nuntio-user-block/repository/user_repository/encrypt_user.go:76.17,78.4 1 0
github.com/nuntiodev/nuntio-user-block/repository/user_repository/encrypt_user.go:81.25,83.17 2 1
github.com/nuntiodev/nuntio-user-block/repository/user_repository/encrypt_user.go:86.3,86.30 1 1
github.com/nuntiodev/nuntio-user-block/repository/user_repository/encrypt_user.go:83.17,85.4 1 0
github.com/nuntiodev/nuntio-user-block/repository/user_repository/helper.go:14.47,15.17 1 1
github.com/nuntiodev/nuntio-user-block/repository/user_repository/helper.go:18.2,18.16 1 1
github.com/nuntiodev/nuntio-user-block/repository/user_repository/helper.go:30.2,34.50 5 1
github.com/nuntiodev/nuntio-user-block/repository/user_repository/helper.go:15.17,17.3 1 1
github.com/nuntiodev/nuntio-user-block/repository/user_repository/helper.go:19.20,22.39 3 1
github.com/nuntiodev/nuntio-user-block/repository/user_repository/helper.go:27.26,28.28 1 1
github.com/nuntiodev/nuntio-user-block/repository/user_repository/helper.go:22.39,24.4 1 1
github.com/nuntiodev/nuntio-user-block/repository/user_repository/helper.go:37.77,38.17 1 1
github.com/nuntiodev/nuntio-user-block/repository/user_repository/helper.go:41.2,41.16 1 1
github.com/nuntiodev/nuntio-user-block/repository/user_repository/helper.go:85.2,85.38 1 1
github.com/nuntiodev/nuntio-user-block/repository/user_repository/helper.go:92.2,92.12 1 1
github.com/nuntiodev/nuntio-user-block/repository/user_repository/helper.go:38.17,40.3 1 1
github.com/nuntiodev/nuntio-user-block/repository/user_repository/helper.go:42.17,43.65 1 1
github.com/nuntiodev/nuntio-user-block/repository/user_repository/helper.go:46.20,47.20 1 1
github.com/nuntiodev/nuntio-user-block/repository/user_repository/helper.go:60.28,61.79 1 1
github.com/nuntiodev/nuntio-user-block/repository/user_repository/helper.go:66.25,67.82 1 1
github.com/nuntiodev/nuntio-user-block/repository/user_repository/helper.go:72.28,73.32 1 1
github.com/nuntiodev/nuntio-user-block/repository/user_repository/helper.go:78.28,79.32 1 0
github.com/nuntiodev/nuntio-user-block/repository/user_repository/helper.go:82.44,83.13 1 1
github.com/nuntiodev/nuntio-user-block/repository/user_repository/helper.go:43.65,45.4 1 1
github.com/nuntiodev/nuntio-user-block/repository/user_repository/helper.go:47.20,49.4 1 0
github.com/nuntiodev/nuntio-user-block/repository/user_repository/helper.go:49.9,49.89 1 1
github.com/nuntiodev/nuntio-user-block/repository/user_repository/helper.go:49.89,51.4 1 1
github.com/nuntiodev/nuntio-user-block/repository/user_repository/helper.go:51.9,51.86 1 1
github.com/nuntiodev/nuntio-user-block/repository/user_repository/helper.go:51.86,53.4 1 1
github.com/nuntiodev/nuntio-user-block/repository/user_repository/helper.go:53.9,53.39 1 1
github.com/nuntiodev/nuntio-user-block/repository/user_repository/helper.go:53.39,55.4 1 0
github.com/nuntiodev/nuntio-user-block/repository/user_repository/helper.go:55.9,55.39 1 1
github.com/nuntiodev/nuntio-user-block/repository/user_repository/helper.go:55.39,57.4 1 0
github.com/nuntiodev/nuntio-user-block/repository/user_repository/helper.go:57.9,57.71 1 1
github.com/nuntiodev/nuntio-user-block/repository/user_repository/helper.go:57.71,59.4 1 1
github.com/nuntiodev/nuntio-user-block/repository/user_repository/helper.go:61.79,63.4 1 1
github.com/nuntiodev/nuntio-user-block/repository/user_repository/helper.go:63.9,63.39 1 1
github.com/nuntiodev/nuntio-user-block/repository/user_repository/helper.go:63.39,65.4 1 0
github.com/nuntiodev/nuntio-user-block/repository/user_repository/helper.go:67.82,69.4 1 1
github.com/nuntiodev/nuntio-user-block/repository/user_repository/helper.go:69.9,69.39 1 1
github.com/nuntiodev/nuntio-user-block/repository/user_repository/helper.go:69.39,71.4 1 0
github.com/nuntiodev/nuntio-user-block/repository/user_repository/helper.go:73.32,75.4 1 0
github.com/nuntiodev/nuntio-user-block/repository/user_repository/helper.go:75.9,75.71 1 1
github.com/nuntiodev/nuntio-user-block/repository/user_repository/helper.go:75.71,77.4 1 0
github.com/nuntiodev/nuntio-user-block/repository/user_repository/helper.go:79.32,81.4 1 0
github.com/nuntiodev/nuntio-user-block/repository/user_repository/helper.go:85.39,87.3 0 0
github.com/nuntiodev/nuntio-user-block/repository/user_repository/helper.go:87.8,87.50 1 1
github.com/nuntiodev/nuntio-user-block/repository/user_repository/helper.go:87.51,89.3 0 0
github.com/nuntiodev/nuntio-user-block/repository/user_repository/helper.go:89.8,89.51 1 1
github.com/nuntiodev/nuntio-user-block/repository/user_repository/helper.go:89.52,91.3 0 0
github.com/nuntiodev/nuntio-user-block/repository/user_repository/helper.go:95.46,96.73 1 1
github.com/nuntiodev/nuntio-user-block/repository/user_repository/helper.go:99.2,99.12 1 1
github.com/nuntiodev/nuntio-user-block/repository/user_repository/helper.go:96.73,98.3 1 1
github.com/nuntiodev/nuntio-user-block/repository/user_repository/helper.go:102.49,103.17 1 1
github.com/nuntiodev/nuntio-user-block/repository/user_repository/helper.go:106.2,120.3 1 1
github.com/nuntiodev/nuntio-user-block/repository/user_repository/helper.go:103.17,105.3 1 0
github.com/nuntiodev/nuntio-user-block/repository/user_repository/helper.go:123.49,124.17 1 1
github.com/nuntiodev/nuntio-user-block/repository/user_repository/helper.go:127.2,141.3 1 1
github.com/nuntiodev/nuntio-user-block/repository/user_repository/helper.go:124.17,126.3 1 0
github.com/nuntiodev/nuntio-user-block/repository/user_repository/update_image.go:11.129,13.51 2 1
github.com/nuntiodev/nuntio-user-block/repository/user_repository/update_image.go:16.2,17.62 2 1
github.com/nuntiodev/nuntio-user-block/repository/user_repository/update_image.go:20.2,21.16 2 1
github.com/nuntiodev/nuntio-user-block/repository/user_repository/update_image.go:24.2,34.66 6 1
github.com/nuntiodev/nuntio-user-block/repository/user_repository/update_image.go:39.2,51.16 3 1
github.com/nuntiodev/nuntio-user-block/repository/user_repository/update_image.go:54.2,54.36 1 1
github.com/nuntiodev/nuntio-user-block/repository/user_repository/update_image.go:58.2,60.17 3 1
github.com/nuntiodev/nuntio-user-block/repository/user_repository/update_image.go:13.51,15.3 1 1
github.com/nuntiodev/nuntio-user-block/repository/user_repository/update_image.go:17.62,19.3 1 1
github.com/nuntiodev/nuntio-user-block/repository/user_repository/update_image.go:21.16,23.3 1 0
github.com/nuntiodev/nuntio-user-block/repository/user_repository/update_image.go:34.66,35.75 1 1
github.com/nuntiodev/nuntio-user-block/repository/user_repository/update_image.go:35.75,37.4 1 0
github.com/nuntiodev/nuntio-user-block/repository/user_repository/update_image.go:51.16,53.3 1 0
github.com/nuntiodev/nuntio-user-block/repository/user_repository/update_image.go:54.36,56.3 1 0
github.com/nuntiodev/nuntio-user-block/repository/user_repository/count.go:8.71,10.16 2 1
github.com/nuntiodev/nuntio-user-block/repository/user_repository/count.go:13.2,13.19 1 1
github.com/nuntiodev/nuntio-user-block/repository/user_repository/count.go:10.16,12.3 1 0
github.com/nuntiodev/nuntio-user-block/repository/user_repository/create.go:12.102,14.55 2 1
github.com/nuntiodev/nuntio-user-block/repository/user_repository/create.go:17.2,18.22 2 1
github.com/nuntiodev/nuntio-user-block/repository/user_repository/create.go:21.2,21.25 1 1
github.com/nuntiodev/nuntio-user-block/repository/user_repository/create.go:28.2,30.65 3 1
github.com/nuntiodev/nuntio-user-block/repository/user_repository/create.go:33.2,33.63 1 1
github.com/nuntiodev/nuntio-user-block/repository/user_repository/create.go:37.2,42.18 6 1
github.com/nuntiodev/nuntio-user-block/repository/user_repository/create.go:14.55,16.3 1 1
github.com/nuntiodev/nuntio-user-block/repository/user_repository/create.go:18.22,20.3 1 1
github.com/nuntiodev/nuntio-user-block/repository/user_repository/create.go:21.25,23.17 2 1
github.com/nuntiodev/nuntio-user-block/repository/user_repository/create.go:26.3,26.41 1 1
github.com/nuntiodev/nuntio-user-block/repository/user_repository/create.go:23.17,25.4 1 0
github.com/nuntiodev/nuntio-user-block/repository/user_repository/create.go:30.65,32.3 1 0
github.com/nuntiodev/nuntio-user-block/repository/user_repository/create.go:33.63,35.3 1 0
github.com/nuntiodev/nuntio-user-block/repository/user_repository/get.go:11.113,13.52 2 1
github.com/nuntiodev/nuntio-user-block/repository/user_repository/get.go:16.2,17.19 2 1
github.com/nuntiodev/nuntio-user-block/repository/user_repository/get.go:24.2,25.72 2 1
github.com/nuntiodev/nuntio-user-block/repository/user_repository/get.go:28.2,28.54 1 1
github.com/nuntiodev/nuntio-user-block/repository/user_repository/get.go:34.2,34.53 1 1
github.com/nuntiodev/nuntio-user-block/repository/user_repository/get.go:39.2,39.36 1 1
github.com/nuntiodev/nuntio-user-block/repository/user_repository/get.go:13.52,15.3 1 0
github.com/nuntiodev/nuntio-user-block/repository/user_repository/get.go:17.19,19.3 1 1
github.com/nuntiodev/nuntio-user-block/repository/user_repository/get.go:19.8,19.29 1 1
github.com/nuntiodev/nuntio-user-block/repository/user_repository/get.go:19.29,21.3 1 1
github.com/nuntiodev/nuntio-user-block/repository/user_repository/get.go:21.8,21.34 1 1
github.com/nuntiodev/nuntio-user-block/repository/user_repository/get.go:21.34,23.3 1 1
github.com/nuntiodev/nuntio-user-block/repository/user_repository/get.go:25.72,27.3 1 1
github.com/nuntiodev/nuntio-user-block/repository/user_repository/get.go:28.54,29.60 1 1
github.com/nuntiodev/nuntio-user-block/repository/user_repository/get.go:29.60,31.4 1 0
github.com/nuntiodev/nuntio-user-block/repository/user_repository/get.go:34.53,35.70 1 1
github.com/nuntiodev/nuntio-user-block/repository/user_repository/get.go:35.70,37.4 1 0
github.com/nuntiodev/nuntio-user-block/repository/user_repository/get_all.go:12.116,18.23 6 1
github.com/nuntiodev/nuntio-user-block/repository/user_repository/get_all.go:39.2,40.16 2 1
github.com/nuntiodev/nuntio-user-block/repository/user_repository/get_all.go:43.2,43.23 1 1
github.com/nuntiodev/nuntio-user-block/repository/user_repository/get_all.go:63.2,63.18 1 1
github.com/nuntiodev/nuntio-user-block/repository/user_repository/get_all.go:18.23,20.50 2 1
github.com/nuntiodev/nuntio-user-block/repository/user_repository/get_all.go:23.3,23.26 1 1
github.com/nuntiodev/nuntio-user-block/repository/user_repository/get_all.go:31.3,31.48 1 1
github.com/nuntiodev/nuntio-user-block/repository/user_repository/get_all.go:20.50,22.4 1 0
github.com/nuntiodev/nuntio-user-block/repository/user_repository/get_all.go:24.39,25.70 1 1
github.com/nuntiodev/nuntio-user-block/repository/user_repository/get_all.go:26.38,27.70 1 0
github.com/nuntiodev/nuntio-user-block/repository/user_repository/get_all.go:28.11,29.45 1 0
github.com/nuntiodev/nuntio-user-block/repository/user_repository/get_all.go:31.48,32.55 1 1
github.com/nuntiodev/nuntio-user-block/repository/user_repository/get_all.go:35.4,36.48 2 1
github.com/nuntiodev/nuntio-user-block/repository/user_repository/get_all.go:32.55,34.5 1 0
github.com/nuntiodev/nuntio-user-block/repository/user_repository/get_all.go:40.16,42.3 1 0
github.com/nuntiodev/nuntio-user-block/repository/user_repository/get_all.go:43.23,45.46 2 1
github.com/nuntiodev/nuntio-user-block/repository/user_repository/get_all.go:49.3,49.55 1 1
github.com/nuntiodev/nuntio-user-block/repository/user_repository/get_all.go:55.3,55.43 1 1
github.com/nuntiodev/nuntio-user-block/repository/user_repository/get_all.go:60.3,60.46 1 1
github.com/nuntiodev/nuntio-user-block/repository/user_repository/get_all.go:45.46,47.4 1 0
github.com/nuntiodev/nuntio-user-block/repository/user_repository/get_all.go:49.55,50.58 1 1
github.com/nuntiodev/nuntio-user-block/repository/user_repository/get_all.go:50.58,52.5 1 0
github.com/nuntiodev/nuntio-user-block/repository/user_repository/get_all.go:55.43,56.71 1 1
github.com/nuntiodev/nuntio-user-block/repository/user_repository/get_all.go:56.71,58.5 1 0
github.com/nuntiodev/nuntio-user-block/repository/user_repository/upgrade_encryption_level.go:10.74,11.17 1 1
github.com/nuntiodev/nuntio-user-block/repository/user_repository/upgrade_encryption_level.go:14.2,17.82 4 1
github.com/nuntiodev/nuntio-user-block/repository/user_repository/upgrade_encryption_level.go:11.17,13.3 1 0
github.com/nuntiodev/nuntio-user-block/repository/user_repository/upgrade_encryption_level.go:20.99,21.17 1 1
github.com/nuntiodev/nuntio-user-block/repository/user_repository/upgrade_encryption_level.go:24.2,24.40 1 1
github.com/nuntiodev/nuntio-user-block/repository/user_repository/upgrade_encryption_level.go:27.2,28.16 2 1
github.com/nuntiodev/nuntio-user-block/repository/user_repository/upgrade_encryption_level.go:32.2,32.61 1 1
github.com/nuntiodev/nuntio-user-block/repository/user_repository/upgrade_encryption_level.go:36.2,36.135 1 1
github.com/nuntiodev/nuntio-user-block/repository/user_repository/upgrade_encryption_level.go:63.2,63.12 1 1
github.com/nuntiodev/nuntio-user-block/repository/user_repository/upgrade_encryption_level.go:21.17,23.3 1 0
github.com/nuntiodev/nuntio-user-block/repository/user_repository/upgrade_encryption_level.go:24.40,26.3 1 0
github.com/nuntiodev/nuntio-user-block/repository/user_repository/upgrade_encryption_level.go:28.16,30.3 1 0
github.com/nuntiodev/nuntio-user-block/repository/user_repository/upgrade_encryption_level.go:32.61,34.3 1 0
github.com/nuntiodev/nuntio-user-block/repository/user_repository/upgrade_encryption_level.go:36.135,38.77 2 1
github.com/nuntiodev/nuntio-user-block/repository/user_repository/upgrade_encryption_level.go:41.3,57.23 2 1
github.com/nuntiodev/nuntio-user-block/repository/user_repository/upgrade_encryption_level.go:60.3,61.63 2 1
github.com/nuntiodev/nuntio-user-block/repository/user_repository/upgrade_encryption_level.go:38.77,40.4 1 0
github.com/nuntiodev/nuntio-user-block/repository/user_repository/upgrade_encryption_level.go:57.23,59.4 1 0
github.com/nuntiodev/nuntio-user-block/repository/user_repository/delete_batch.go:12.96,16.33 4 1
github.com/nuntiodev/nuntio-user-block/repository/user_repository/delete_batch.go:29.2,32.18 4 1
github.com/nuntiodev/nuntio-user-block/repository/user_repository/delete_batch.go:35.2,35.21 1 1
github.com/nuntiodev/nuntio-user-block/repository/user_repository/delete_batch.go:38.2,38.26 1 1
github.com/nuntiodev/nuntio-user-block/repository/user_repository/delete_batch.go:41.2,49.64 2 1
github.com/nuntiodev/nuntio-user-block/repository/user_repository/delete_batch.go:52.2,52.12 1 1
github.com/nuntiodev/nuntio-user-block/repository/user_repository/delete_batch.go:16.33,17.18 1 1
github.com/nuntiodev/nuntio-user-block/repository/user_repository/delete_batch.go:20.3,21.20 2 1
github.com/nuntiodev/nuntio-user-block/repository/user_repository/delete_batch.go:17.18,19.4 1 0
github.com/nuntiodev/nuntio-user-block/repository/user_repository/delete_batch.go:21.20,23.4 1 1
github.com/nuntiodev/nuntio-user-block/repository/user_repository/delete_batch.go:23.9,23.30 1 0
github.com/nuntiodev/nuntio-user-block/repository/user_repository/delete_batch.go:23.30,25.4 1 0
github.com/nuntiodev/nuntio-user-block/repository/user_repository/delete_batch.go:25.9,25.35 1 0
github.com/nuntiodev/nuntio-user-block/repository/user_repository/delete_batch.go:25.35,27.4 1 0
github.com/nuntiodev/nuntio-user-block/repository/user_repository/delete_batch.go:32.18,34.3 1 1
github.com/nuntiodev/nuntio-user-block/repository/user_repository/delete_batch.go:35.21,37.3 1 0
github.com/nuntiodev/nuntio-user-block/repository/user_repository/delete_batch.go:38.26,40.3 1 0
github.com/nuntiodev/nuntio-user-block/repository/user_repository/delete_batch.go:49.64,51.3 1 0
github.com/nuntiodev/nuntio-user-block/repository/user_repository/update_email.go:13.129,15.51 2 1
github.com/nuntiodev/nuntio-user-block/repository/user_repository/update_email.go:18.2,19.62 2 1
github.com/nuntiodev/nuntio-user-block/repository/user_repository/update_email.go:22.2,23.24 2 1
github.com/nuntiodev/nuntio-user-block/repository/user_repository/update_email.go:26.2,27.16 2 1
github.com/nuntiodev/nuntio-user-block/repository/user_repository/update_email.go:30.2,40.66 6 1
github.com/nuntiodev/nuntio-user-block/repository/user_repository/update_email.go:45.2,58.16 4 1
github.com/nuntiodev/nuntio-user-block/repository/user_repository/update_email.go:61.2,61.36 1 1
github.com/nuntiodev/nuntio-user-block/repository/user_repository/update_email.go:65.2,67.17 3 1
github.com/nuntiodev/nuntio-user-block/repository/user_repository/update_email.go:15.51,17.3 1 1
github.com/nuntiodev/nuntio-user-block/repository/user_repository/update_email.go:19.62,21.3 1 1
github.com/nuntiodev/nuntio-user-block/repository/user_repository/update_email.go:23.24,25.3 1 1
github.com/nuntiodev/nuntio-user-block/repository/user_repository/update_email.go:27.16,29.3 1 0
github.com/nuntiodev/nuntio-user-block/repository/user_repository/update_email.go:40.66,41.75 1 1
github.com/nuntiodev/nuntio-user-block/repository/user_repository/update_email.go:41.75,43.4 1 0
github.com/nuntiodev/nuntio-user-block/repository/user_repository/update_email.go:58.16,60.3 1 0
github.com/nuntiodev/nuntio-user-block/repository/user_repository/update_email.go:61.36,63.3 1 0
github.com/nuntiodev/nuntio-user-block/repository/user_repository/update_optional_id.go:12.134,14.51 2 1
github.com/nuntiodev/nuntio-user-block/repository/user_repository/update_optional_id.go:17.2,18.67 2 1
github.com/nuntiodev/nuntio-user-block/repository/user_repository/update_optional_id.go:21.2,32.18 4 1
github.com/nuntiodev/nuntio-user-block/repository/user_repository/update_optional_id.go:39.2,44.16 2 1
github.com/nuntiodev/nuntio-user-block/repository/user_repository/update_optional_id.go:47.2,47.36 1 1
github.com/nuntiodev/nuntio-user-block/repository/user_repository/update_optional_id.go:50.2,50.20 1 1
github.com/nuntiodev/nuntio-user-block/repository/user_repository/update_optional_id.go:14.51,16.3 1 1
github.com/nuntiodev/nuntio-user-block/repository/user_repository/update_optional_id.go:18.67,20.3 1 1
github.com/nuntiodev/nuntio-user-block/repository/user_repository/update_optional_id.go:32.18,34.3 1 1
github.com/nuntiodev/nuntio-user-block/repository/user_repository/update_optional_id.go:34.8,34.28 1 0
github.com/nuntiodev/nuntio-user-block/repository/user_repository/update_optional_id.go:34.28,36.3 1 0
github.com/nuntiodev/nuntio-user-block/repository/user_repository/update_optional_id.go:36.8,36.33 1 0
github.com/nuntiodev/nuntio-user-block/repository/user_repository/update_optional_id.go:36.33,38.3 1 0
github.com/nuntiodev/nuntio-user-block/repository/user_repository/update_optional_id.go:44.16,46.3 1 0
github.com/nuntiodev/nuntio-user-block/repository/user_repository/update_optional_id.go:47.36,49.3 1 0
github.com/nuntiodev/nuntio-user-block/repository/user_repository/update_password.go:13.132,15.51 2 1
github.com/nuntiodev/nuntio-user-block/repository/user_repository/update_password.go:18.2,19.65 2 1
github.com/nuntiodev/nuntio-user-block/repository/user_repository/update_password.go:22.2,23.16 2 1
github.com/nuntiodev/nuntio-user-block/repository/user_repository/update_password.go:26.2,35.18 5 1
github.com/nuntiodev/nuntio-user-block/repository/user_repository/update_password.go:42.2,47.16 2 1
github.com/nuntiodev/nuntio-user-block/repository/user_repository/update_password.go:50.2,50.36 1 1
github.com/nuntiodev/nuntio-user-block/repository/user_repository/update_password.go:53.2,53.20 1 1
github.com/nuntiodev/nuntio-user-block/repository/user_repository/update_password.go:15.51,17.3 1 1
github.com/nuntiodev/nuntio-user-block/repository/user_repository/update_password.go:19.65,21.3 1 1
github.com/nuntiodev/nuntio-user-block/repository/user_repository/update_password.go:23.16,25.3 1 0
github.com/nuntiodev/nuntio-user-block/repository/user_repository/update_password.go:35.18,37.3 1 1
github.com/nuntiodev/nuntio-user-block/repository/user_repository/update_password.go:37.8,37.28 1 1
github.com/nuntiodev/nuntio-user-block/repository/user_repository/update_password.go:37.28,39.3 1 1
github.com/nuntiodev/nuntio-user-block/repository/user_repository/update_password.go:39.8,39.33 1 1
github.com/nuntiodev/nuntio-user-block/repository/user_repository/update_password.go:39.33,41.3 1 1
github.com/nuntiodev/nuntio-user-block/repository/user_repository/update_password.go:47.16,49.3 1 0
github.com/nuntiodev/nuntio-user-block/repository/user_repository/update_password.go:50.36,52.3 1 0
github.com/nuntiodev/nuntio-user-block/repository/user_repository/update_security.go:11.109,13.35 2 1
github.com/nuntiodev/nuntio-user-block/repository/user_repository/update_security.go:16.2,16.51 1 1
github.com/nuntiodev/nuntio-user-block/repository/user_repository/update_security.go:19.2,20.16 2 1
github.com/nuntiodev/nuntio-user-block/repository/user_repository/update_security.go:24.2,24.72 1 1
github.com/nuntiodev/nuntio-user-block/repository/user_repository/update_security.go:27.2,29.27 2 1
github.com/nuntiodev/nuntio-user-block/repository/user_repository/update_security.go:51.2,69.16 4 1
github.com/nuntiodev/nuntio-user-block/repository/user_repository/update_security.go:72.2,72.36 1 1
github.com/nuntiodev/nuntio-user-block/repository/user_repository/update_security.go:76.2,79.17 4 1
github.com/nuntiodev/nuntio-user-block/repository/user_repository/update_security.go:13.35,15.3 1 1
github.com/nuntiodev/nuntio-user-block/repository/user_repository/update_security.go:16.51,18.3 1 1
github.com/nuntiodev/nuntio-user-block/repository/user_repository/update_security.go:20.16,22.3 1 0
github.com/nuntiodev/nuntio-user-block/repository/user_repository/update_security.go:24.72,26.3 1 0
github.com/nuntiodev/nuntio-user-block/repository/user_repository/update_security.go:29.27,35.17 4 1
github.com/nuntiodev/nuntio-user-block/repository/user_repository/update_security.go:38.3,38.58 1 1
github.com/nuntiodev/nuntio-user-block/repository/user_repository/update_security.go:42.3,42.65 1 1
github.com/nuntiodev/nuntio-user-block/repository/user_repository/update_security.go:35.17,37.4 1 0
github.com/nuntiodev/nuntio-user-block/repository/user_repository/update_security.go:38.58,40.4 1 0
github.com/nuntiodev/nuntio-user-block/repository/user_repository/update_security.go:43.8,47.74 4 1
github.com/nuntiodev/nuntio-user-block/repository/user_repository/update_security.go:47.74,49.4 1 0
github.com/nuntiodev/nuntio-user-block/repository/user_repository/update_security.go:69.16,71.3 1 0
github.com/nuntiodev/nuntio-user-block/repository/user_repository/update_security.go:72.36,74.3 1 0
github.com/nuntiodev/nuntio-user-block/repository/token_repository/create.go:10.87,12.18 1 1
github.com/nuntiodev/nuntio-user-block/repository/token_repository/create.go:24.2,27.24 4 1
github.com/nuntiodev/nuntio-user-block/repository/token_repository/create.go:30.2,33.39 4 1
github.com/nuntiodev/nuntio-user-block/repository/token_repository/create.go:40.2,41.16 2 1
github.com/nuntiodev/nuntio-user-block/repository/token_repository/create.go:44.2,44.19 1 1
github.com/nuntiodev/nuntio-user-block/repository/token_repository/create.go:12.18,14.3 1 0
github.com/nuntiodev/nuntio-user-block/repository/token_repository/create.go:14.8,14.27 1 1
github.com/nuntiodev/nuntio-user-block/repository/token_repository/create.go:14.27,16.3 1 1
github.com/nuntiodev/nuntio-user-block/repository/token_repository/create.go:16.8,16.31 1 1
github.com/nuntiodev/nuntio-user-block/repository/token_repository/create.go:16.31,18.3 1 1
github.com/nuntiodev/nuntio-user-block/repository/token_repository/create.go:18.8,18.37 1 1
github.com/nuntiodev/nuntio-user-block/repository/token_repository/create.go:18.37,20.3 1 1
github.com/nuntiodev/nuntio-user-block/repository/token_repository/create.go:20.8,20.58 1 1
github.com/nuntiodev/nuntio-user-block/repository/token_repository/create.go:20.58,22.3 1 0
github.com/nuntiodev/nuntio-user-block/repository/token_repository/create.go:27.24,29.3 1 0
github.com/nuntiodev/nuntio-user-block/repository/token_repository/create.go:33.39,34.61 1 1
github.com/nuntiodev/nuntio-user-block/repository/token_repository/create.go:37.3,38.64 2 1
github.com/nuntiodev/nuntio-user-block/repository/token_repository/create.go:34.61,36.4 1 0
github.com/nuntiodev/nuntio-user-block/repository/token_repository/create.go:41.16,43.3 1 0
github.com/nuntiodev/nuntio-user-block/repository/token_repository/encrypt_token.go:5.74,6.18 1 1
github.com/nuntiodev/nuntio-user-block/repository/token_repository/encrypt_token.go:9.2,9.16 1 1
github.com/nuntiodev/nuntio-user-block/repository/token_repository/encrypt_token.go:25.2,25.12 1 1
github.com/nuntiodev/nuntio-user-block/repository/token_repository/encrypt_token.go:6.18,8.3 1 0
github.com/nuntiodev/nuntio-user-block/repository/token_repository/encrypt_token.go:10.20,11.40 1 1
github.com/nuntiodev/nuntio-user-block/repository/token_repository/encrypt_token.go:11.40,13.18 2 1
github.com/nuntiodev/nuntio-user-block/repository/token_repository/encrypt_token.go:16.4,16.26 1 1
github.com/nuntiodev/nuntio-user-block/repository/token_repository/encrypt_token.go:13.18,15.5 1 0
github.com/nuntiodev/nuntio-user-block/repository/token_repository/encrypt_token.go:16.26,18.19 2 1
github.com/nuntiodev/nuntio-user-block/repository/token_repository/encrypt_token.go:21.5,21.29 1 1
github.com/nuntiodev/nuntio-user-block/repository/token_repository/encrypt_token.go:18.19,20.6 1 0
github.com/nuntiodev/nuntio-user-block/repository/token_repository/get_user_tokens.go:9.96,10.18 1 1
github.com/nuntiodev/nuntio-user-block/repository/token_repository/get_user_tokens.go:15.2,17.16 3 1
github.com/nuntiodev/nuntio-user-block/repository/token_repository/get_user_tokens.go:20.2,21.23 2 1
github.com/nuntiodev/nuntio-user-block/repository/token_repository/get_user_tokens.go:28.2,28.18 1 1
github.com/nuntiodev/nuntio-user-block/repository/token_repository/get_user_tokens.go:10.18,12.3 1 1
github.com/nuntiodev/nuntio-user-block/repository/token_repository/get_user_tokens.go:12.8,12.31 1 1
github.com/nuntiodev/nuntio-user-block/repository/token_repository/get_user_tokens.go:12.31,14.3 1 1
github.com/nuntiodev/nuntio-user-block/repository/token_repository/get_user_tokens.go:17.16,19.3 1 0
github.com/nuntiodev/nuntio-user-block/repository/token_repository/get_user_tokens.go:21.23,23.47 2 1
github.com/nuntiodev/nuntio-user-block/repository/token_repository/get_user_tokens.go:26.3,26.30 1 1
github.com/nuntiodev/nuntio-user-block/repository/token_repository/get_user_tokens.go:23.47,25.4 1 0
github.com/nuntiodev/nuntio-user-block/repository/token_repository/is_blocked.go:9.80,10.18 1 0
github.com/nuntiodev/nuntio-user-block/repository/token_repository/is_blocked.go:15.2,16.64 2 0
github.com/nuntiodev/nuntio-user-block/repository/token_repository/is_blocked.go:19.2,19.12 1 0
github.com/nuntiodev/nuntio-user-block/repository/token_repository/is_blocked.go:10.18,12.3 1 0
github.com/nuntiodev/nuntio-user-block/repository/token_repository/is_blocked.go:12.8,12.27 1 0
github.com/nuntiodev/nuntio-user-block/repository/token_repository/is_blocked.go:12.27,14.3 1 0
github.com/nuntiodev/nuntio-user-block/repository/token_repository/is_blocked.go:16.64,18.3 1 0
github.com/nuntiodev/nuntio-user-block/repository/token_repository/token_repository.go:47.167,54.84 2 1
github.com/nuntiodev/nuntio-user-block/repository/token_repository/token_repository.go:57.2,61.8 1 1
github.com/nuntiodev/nuntio-user-block/repository/token_repository/token_repository.go:54.84,56.3 1 0
github.com/nuntiodev/nuntio-user-block/repository/token_repository/token_repository.go:64.142,66.2 1 0
github.com/nuntiodev/nuntio-user-block/repository/token_repository/update_used_at.go:10.93,11.18 1 0
github.com/nuntiodev/nuntio-user-block/repository/token_repository/update_used_at.go:16.2,27.16 4 0
github.com/nuntiodev/nuntio-user-block/repository/token_repository/update_used_at.go:30.2,30.36 1 0
github.com/nuntiodev/nuntio-user-block/repository/token_repository/update_used_at.go:33.2,33.19 1 0
github.com/nuntiodev/nuntio-user-block/repository/token_repository/update_used_at.go:11.18,13.3 1 0
github.com/nuntiodev/nuntio-user-block/repository/token_repository/update_used_at.go:13.8,13.27 1 0
github.com/nuntiodev/nuntio-user-block/repository/token_repository/update_used_at.go:13.27,15.3 1 0
github.com/nuntiodev/nuntio-user-block/repository/token_repository/update_used_at.go:27.16,29.3 1 0
github.com/nuntiodev/nuntio-user-block/repository/token_repository/update_used_at.go:30.36,32.3 1 0
github.com/nuntiodev/nuntio-user-block/repository/token_repository/block.go:10.86,11.18 1 0
github.com/nuntiodev/nuntio-user-block/repository/token_repository/block.go:16.2,29.16 5 0
github.com/nuntiodev/nuntio-user-block/repository/token_repository/block.go:32.2,32.36 1 0
github.com/nuntiodev/nuntio-user-block/repository/token_repository/block.go:35.2,35.19 1 0
github.com/nuntiodev/nuntio-user-block/repository/token_repository/block.go:11.18,13.3 1 0
github.com/nuntiodev/nuntio-user-block/repository/token_repository/block.go:13.8,13.27 1 0
github.com/nuntiodev/nuntio-user-block/repository/token_repository/block.go:13.27,15.3 1 0
github.com/nuntiodev/nuntio-user-block/repository/token_repository/block.go:29.16,31.3 1 0
github.com/nuntiodev/nuntio-user-block/repository/token_repository/block.go:32.36,34.3 1 0
