mode: set
github.com/softcorp-io/block-user-service/token/generate_token.go:12.173,14.30 2 1
github.com/softcorp-io/block-user-service/token/generate_token.go:17.2,17.67 1 1
github.com/softcorp-io/block-user-service/token/generate_token.go:20.2,20.58 1 1
github.com/softcorp-io/block-user-service/token/generate_token.go:23.2,39.16 3 1
github.com/softcorp-io/block-user-service/token/generate_token.go:42.2,42.34 1 1
github.com/softcorp-io/block-user-service/token/generate_token.go:14.30,16.3 1 1
github.com/softcorp-io/block-user-service/token/generate_token.go:17.67,19.3 1 1
github.com/softcorp-io/block-user-service/token/generate_token.go:20.58,22.3 1 1
github.com/softcorp-io/block-user-service/token/generate_token.go:39.16,41.3 1 0
github.com/softcorp-io/block-user-service/token/token.go:22.27,24.2 1 1
github.com/softcorp-io/block-user-service/token/validate_token.go:10.107,14.47 1 1
github.com/softcorp-io/block-user-service/token/validate_token.go:18.2,18.16 1 1
github.com/softcorp-io/block-user-service/token/validate_token.go:21.2,21.26 1 1
github.com/softcorp-io/block-user-service/token/validate_token.go:24.2,25.9 2 1
github.com/softcorp-io/block-user-service/token/validate_token.go:28.2,28.29 1 1
github.com/softcorp-io/block-user-service/token/validate_token.go:31.2,31.20 1 1
github.com/softcorp-io/block-user-service/token/validate_token.go:14.47,16.4 1 1
github.com/softcorp-io/block-user-service/token/validate_token.go:18.16,20.3 1 1
github.com/softcorp-io/block-user-service/token/validate_token.go:21.26,23.3 1 0
github.com/softcorp-io/block-user-service/token/validate_token.go:25.9,27.3 1 0
github.com/softcorp-io/block-user-service/token/validate_token.go:28.29,30.3 1 0
github.com/softcorp-io/block-user-service/repository/user_repository/update_image.go:11.127,13.51 2 1
github.com/softcorp-io/block-user-service/repository/user_repository/update_image.go:16.2,17.62 2 1
github.com/softcorp-io/block-user-service/repository/user_repository/update_image.go:20.2,21.16 2 1
github.com/softcorp-io/block-user-service/repository/user_repository/update_image.go:24.2,34.66 6 1
github.com/softcorp-io/block-user-service/repository/user_repository/update_image.go:39.2,51.16 3 1
github.com/softcorp-io/block-user-service/repository/user_repository/update_image.go:54.2,54.36 1 1
github.com/softcorp-io/block-user-service/repository/user_repository/update_image.go:58.2,60.17 3 1
github.com/softcorp-io/block-user-service/repository/user_repository/update_image.go:13.51,15.3 1 1
github.com/softcorp-io/block-user-service/repository/user_repository/update_image.go:17.62,19.3 1 1
github.com/softcorp-io/block-user-service/repository/user_repository/update_image.go:21.16,23.3 1 0
github.com/softcorp-io/block-user-service/repository/user_repository/update_image.go:34.66,35.75 1 1
github.com/softcorp-io/block-user-service/repository/user_repository/update_image.go:35.75,37.4 1 0
github.com/softcorp-io/block-user-service/repository/user_repository/update_image.go:51.16,53.3 1 0
github.com/softcorp-io/block-user-service/repository/user_repository/update_image.go:54.36,56.3 1 0
github.com/softcorp-io/block-user-service/repository/user_repository/update_metadata.go:10.130,12.51 2 1
github.com/softcorp-io/block-user-service/repository/user_repository/update_metadata.go:15.2,16.65 2 1
github.com/softcorp-io/block-user-service/repository/user_repository/update_metadata.go:19.2,20.16 2 1
github.com/softcorp-io/block-user-service/repository/user_repository/update_metadata.go:23.2,33.66 6 1
github.com/softcorp-io/block-user-service/repository/user_repository/update_metadata.go:38.2,50.16 3 1
github.com/softcorp-io/block-user-service/repository/user_repository/update_metadata.go:53.2,53.36 1 1
github.com/softcorp-io/block-user-service/repository/user_repository/update_metadata.go:57.2,59.17 3 1
github.com/softcorp-io/block-user-service/repository/user_repository/update_metadata.go:12.51,14.3 1 1
github.com/softcorp-io/block-user-service/repository/user_repository/update_metadata.go:16.65,18.3 1 1
github.com/softcorp-io/block-user-service/repository/user_repository/update_metadata.go:20.16,22.3 1 0
github.com/softcorp-io/block-user-service/repository/user_repository/update_metadata.go:33.66,34.78 1 1
github.com/softcorp-io/block-user-service/repository/user_repository/update_metadata.go:34.78,36.4 1 0
github.com/softcorp-io/block-user-service/repository/user_repository/update_metadata.go:50.16,52.3 1 0
github.com/softcorp-io/block-user-service/repository/user_repository/update_metadata.go:53.36,55.3 1 0
github.com/softcorp-io/block-user-service/repository/user_repository/encrypt_user.go:9.90,10.17 1 1
github.com/softcorp-io/block-user-service/repository/user_repository/encrypt_user.go:13.2,13.16 1 1
github.com/softcorp-io/block-user-service/repository/user_repository/encrypt_user.go:58.2,58.12 1 1
github.com/softcorp-io/block-user-service/repository/user_repository/encrypt_user.go:10.17,12.3 1 0
github.com/softcorp-io/block-user-service/repository/user_repository/encrypt_user.go:14.45,16.36 1 1
github.com/softcorp-io/block-user-service/repository/user_repository/encrypt_user.go:25.3,25.40 1 1
github.com/softcorp-io/block-user-service/repository/user_repository/encrypt_user.go:38.88,39.62 1 1
github.com/softcorp-io/block-user-service/repository/user_repository/encrypt_user.go:45.3,45.66 1 1
github.com/softcorp-io/block-user-service/repository/user_repository/encrypt_user.go:55.10,56.36 1 0
github.com/softcorp-io/block-user-service/repository/user_repository/encrypt_user.go:16.36,17.67 1 1
github.com/softcorp-io/block-user-service/repository/user_repository/encrypt_user.go:20.4,22.33 3 1
github.com/softcorp-io/block-user-service/repository/user_repository/encrypt_user.go:17.67,19.5 1 0
github.com/softcorp-io/block-user-service/repository/user_repository/encrypt_user.go:25.40,28.18 2 1
github.com/softcorp-io/block-user-service/repository/user_repository/encrypt_user.go:31.4,31.55 1 1
github.com/softcorp-io/block-user-service/repository/user_repository/encrypt_user.go:34.4,36.33 3 1
github.com/softcorp-io/block-user-service/repository/user_repository/encrypt_user.go:28.18,30.5 1 0
github.com/softcorp-io/block-user-service/repository/user_repository/encrypt_user.go:31.55,33.5 1 0
github.com/softcorp-io/block-user-service/repository/user_repository/encrypt_user.go:39.62,40.67 1 1
github.com/softcorp-io/block-user-service/repository/user_repository/encrypt_user.go:43.4,43.33 1 1
github.com/softcorp-io/block-user-service/repository/user_repository/encrypt_user.go:40.67,42.5 1 0
github.com/softcorp-io/block-user-service/repository/user_repository/encrypt_user.go:45.66,47.18 2 1
github.com/softcorp-io/block-user-service/repository/user_repository/encrypt_user.go:50.4,50.57 1 1
github.com/softcorp-io/block-user-service/repository/user_repository/encrypt_user.go:53.4,53.33 1 1
github.com/softcorp-io/block-user-service/repository/user_repository/encrypt_user.go:47.18,49.5 1 0
github.com/softcorp-io/block-user-service/repository/user_repository/encrypt_user.go:50.57,52.5 1 0
github.com/softcorp-io/block-user-service/repository/user_repository/encrypt_user.go:61.75,62.17 1 1
github.com/softcorp-io/block-user-service/repository/user_repository/encrypt_user.go:67.2,67.22 1 1
github.com/softcorp-io/block-user-service/repository/user_repository/encrypt_user.go:74.2,74.22 1 1
github.com/softcorp-io/block-user-service/repository/user_repository/encrypt_user.go:81.2,81.25 1 1
github.com/softcorp-io/block-user-service/repository/user_repository/encrypt_user.go:88.2,89.12 2 1
github.com/softcorp-io/block-user-service/repository/user_repository/encrypt_user.go:62.17,64.3 1 0
github.com/softcorp-io/block-user-service/repository/user_repository/encrypt_user.go:64.8,64.32 1 1
github.com/softcorp-io/block-user-service/repository/user_repository/encrypt_user.go:64.32,66.3 1 0
github.com/softcorp-io/block-user-service/repository/user_repository/encrypt_user.go:67.22,69.17 2 1
github.com/softcorp-io/block-user-service/repository/user_repository/encrypt_user.go:72.3,72.24 1 1
github.com/softcorp-io/block-user-service/repository/user_repository/encrypt_user.go:69.17,71.4 1 0
github.com/softcorp-io/block-user-service/repository/user_repository/encrypt_user.go:74.22,76.17 2 1
github.com/softcorp-io/block-user-service/repository/user_repository/encrypt_user.go:79.3,79.24 1 1
github.com/softcorp-io/block-user-service/repository/user_repository/encrypt_user.go:76.17,78.4 1 0
github.com/softcorp-io/block-user-service/repository/user_repository/encrypt_user.go:81.25,83.17 2 1
github.com/softcorp-io/block-user-service/repository/user_repository/encrypt_user.go:86.3,86.30 1 1
github.com/softcorp-io/block-user-service/repository/user_repository/encrypt_user.go:83.17,85.4 1 0
github.com/softcorp-io/block-user-service/repository/user_repository/helper.go:16.47,17.17 1 1
github.com/softcorp-io/block-user-service/repository/user_repository/helper.go:20.2,20.16 1 1
github.com/softcorp-io/block-user-service/repository/user_repository/helper.go:32.2,36.50 5 1
github.com/softcorp-io/block-user-service/repository/user_repository/helper.go:17.17,19.3 1 1
github.com/softcorp-io/block-user-service/repository/user_repository/helper.go:21.20,24.39 3 1
github.com/softcorp-io/block-user-service/repository/user_repository/helper.go:29.26,30.28 1 1
github.com/softcorp-io/block-user-service/repository/user_repository/helper.go:24.39,26.4 1 1
github.com/softcorp-io/block-user-service/repository/user_repository/helper.go:39.75,40.17 1 1
github.com/softcorp-io/block-user-service/repository/user_repository/helper.go:43.2,43.16 1 1
github.com/softcorp-io/block-user-service/repository/user_repository/helper.go:87.2,87.38 1 1
github.com/softcorp-io/block-user-service/repository/user_repository/helper.go:94.2,94.12 1 1
github.com/softcorp-io/block-user-service/repository/user_repository/helper.go:40.17,42.3 1 1
github.com/softcorp-io/block-user-service/repository/user_repository/helper.go:44.17,45.65 1 1
github.com/softcorp-io/block-user-service/repository/user_repository/helper.go:48.20,49.20 1 1
github.com/softcorp-io/block-user-service/repository/user_repository/helper.go:62.28,63.79 1 1
github.com/softcorp-io/block-user-service/repository/user_repository/helper.go:68.25,69.82 1 1
github.com/softcorp-io/block-user-service/repository/user_repository/helper.go:74.28,75.32 1 1
github.com/softcorp-io/block-user-service/repository/user_repository/helper.go:80.28,81.32 1 0
github.com/softcorp-io/block-user-service/repository/user_repository/helper.go:84.44,85.13 1 1
github.com/softcorp-io/block-user-service/repository/user_repository/helper.go:45.65,47.4 1 1
github.com/softcorp-io/block-user-service/repository/user_repository/helper.go:49.20,51.4 1 0
github.com/softcorp-io/block-user-service/repository/user_repository/helper.go:51.9,51.89 1 1
github.com/softcorp-io/block-user-service/repository/user_repository/helper.go:51.89,53.4 1 1
github.com/softcorp-io/block-user-service/repository/user_repository/helper.go:53.9,53.86 1 1
github.com/softcorp-io/block-user-service/repository/user_repository/helper.go:53.86,55.4 1 1
github.com/softcorp-io/block-user-service/repository/user_repository/helper.go:55.9,55.39 1 1
github.com/softcorp-io/block-user-service/repository/user_repository/helper.go:55.39,57.4 1 0
github.com/softcorp-io/block-user-service/repository/user_repository/helper.go:57.9,57.39 1 1
github.com/softcorp-io/block-user-service/repository/user_repository/helper.go:57.39,59.4 1 0
github.com/softcorp-io/block-user-service/repository/user_repository/helper.go:59.9,59.71 1 1
github.com/softcorp-io/block-user-service/repository/user_repository/helper.go:59.71,61.4 1 1
github.com/softcorp-io/block-user-service/repository/user_repository/helper.go:63.79,65.4 1 1
github.com/softcorp-io/block-user-service/repository/user_repository/helper.go:65.9,65.39 1 1
github.com/softcorp-io/block-user-service/repository/user_repository/helper.go:65.39,67.4 1 0
github.com/softcorp-io/block-user-service/repository/user_repository/helper.go:69.82,71.4 1 1
github.com/softcorp-io/block-user-service/repository/user_repository/helper.go:71.9,71.39 1 1
github.com/softcorp-io/block-user-service/repository/user_repository/helper.go:71.39,73.4 1 0
github.com/softcorp-io/block-user-service/repository/user_repository/helper.go:75.32,77.4 1 0
github.com/softcorp-io/block-user-service/repository/user_repository/helper.go:77.9,77.71 1 1
github.com/softcorp-io/block-user-service/repository/user_repository/helper.go:77.71,79.4 1 0
github.com/softcorp-io/block-user-service/repository/user_repository/helper.go:81.32,83.4 1 0
github.com/softcorp-io/block-user-service/repository/user_repository/helper.go:87.39,89.3 0 0
github.com/softcorp-io/block-user-service/repository/user_repository/helper.go:89.8,89.50 1 1
github.com/softcorp-io/block-user-service/repository/user_repository/helper.go:89.51,91.3 0 0
github.com/softcorp-io/block-user-service/repository/user_repository/helper.go:91.8,91.51 1 1
github.com/softcorp-io/block-user-service/repository/user_repository/helper.go:91.52,93.3 0 0
github.com/softcorp-io/block-user-service/repository/user_repository/helper.go:97.46,98.73 1 1
github.com/softcorp-io/block-user-service/repository/user_repository/helper.go:101.2,101.12 1 1
github.com/softcorp-io/block-user-service/repository/user_repository/helper.go:98.73,100.3 1 1
github.com/softcorp-io/block-user-service/repository/user_repository/helper.go:104.49,105.17 1 1
github.com/softcorp-io/block-user-service/repository/user_repository/helper.go:108.2,122.3 1 1
github.com/softcorp-io/block-user-service/repository/user_repository/helper.go:105.17,107.3 1 0
github.com/softcorp-io/block-user-service/repository/user_repository/helper.go:125.49,126.17 1 1
github.com/softcorp-io/block-user-service/repository/user_repository/helper.go:129.2,143.3 1 1
github.com/softcorp-io/block-user-service/repository/user_repository/helper.go:126.17,128.3 1 0
github.com/softcorp-io/block-user-service/repository/user_repository/update_email.go:13.127,15.51 2 1
github.com/softcorp-io/block-user-service/repository/user_repository/update_email.go:18.2,19.62 2 1
github.com/softcorp-io/block-user-service/repository/user_repository/update_email.go:22.2,23.24 2 1
github.com/softcorp-io/block-user-service/repository/user_repository/update_email.go:26.2,27.16 2 1
github.com/softcorp-io/block-user-service/repository/user_repository/update_email.go:30.2,40.66 6 1
github.com/softcorp-io/block-user-service/repository/user_repository/update_email.go:45.2,58.16 4 1
github.com/softcorp-io/block-user-service/repository/user_repository/update_email.go:61.2,61.36 1 1
github.com/softcorp-io/block-user-service/repository/user_repository/update_email.go:65.2,67.17 3 1
github.com/softcorp-io/block-user-service/repository/user_repository/update_email.go:15.51,17.3 1 1
github.com/softcorp-io/block-user-service/repository/user_repository/update_email.go:19.62,21.3 1 1
github.com/softcorp-io/block-user-service/repository/user_repository/update_email.go:23.24,25.3 1 1
github.com/softcorp-io/block-user-service/repository/user_repository/update_email.go:27.16,29.3 1 0
github.com/softcorp-io/block-user-service/repository/user_repository/update_email.go:40.66,41.75 1 1
github.com/softcorp-io/block-user-service/repository/user_repository/update_email.go:41.75,43.4 1 0
github.com/softcorp-io/block-user-service/repository/user_repository/update_email.go:58.16,60.3 1 0
github.com/softcorp-io/block-user-service/repository/user_repository/update_email.go:61.36,63.3 1 0
github.com/softcorp-io/block-user-service/repository/user_repository/update_optional_id.go:12.132,14.51 2 1
github.com/softcorp-io/block-user-service/repository/user_repository/update_optional_id.go:17.2,18.67 2 1
github.com/softcorp-io/block-user-service/repository/user_repository/update_optional_id.go:21.2,32.18 4 1
github.com/softcorp-io/block-user-service/repository/user_repository/update_optional_id.go:39.2,44.16 2 1
github.com/softcorp-io/block-user-service/repository/user_repository/update_optional_id.go:47.2,47.36 1 1
github.com/softcorp-io/block-user-service/repository/user_repository/update_optional_id.go:50.2,50.20 1 1
github.com/softcorp-io/block-user-service/repository/user_repository/update_optional_id.go:14.51,16.3 1 1
github.com/softcorp-io/block-user-service/repository/user_repository/update_optional_id.go:18.67,20.3 1 1
github.com/softcorp-io/block-user-service/repository/user_repository/update_optional_id.go:32.18,34.3 1 1
github.com/softcorp-io/block-user-service/repository/user_repository/update_optional_id.go:34.8,34.28 1 0
github.com/softcorp-io/block-user-service/repository/user_repository/update_optional_id.go:34.28,36.3 1 0
github.com/softcorp-io/block-user-service/repository/user_repository/update_optional_id.go:36.8,36.33 1 0
github.com/softcorp-io/block-user-service/repository/user_repository/update_optional_id.go:36.33,38.3 1 0
github.com/softcorp-io/block-user-service/repository/user_repository/update_optional_id.go:44.16,46.3 1 0
github.com/softcorp-io/block-user-service/repository/user_repository/update_optional_id.go:47.36,49.3 1 0
github.com/softcorp-io/block-user-service/repository/user_repository/update_security.go:11.107,13.35 2 1
github.com/softcorp-io/block-user-service/repository/user_repository/update_security.go:16.2,16.51 1 1
github.com/softcorp-io/block-user-service/repository/user_repository/update_security.go:19.2,20.16 2 1
github.com/softcorp-io/block-user-service/repository/user_repository/update_security.go:23.2,25.27 2 1
github.com/softcorp-io/block-user-service/repository/user_repository/update_security.go:36.2,54.16 4 1
github.com/softcorp-io/block-user-service/repository/user_repository/update_security.go:57.2,57.36 1 1
github.com/softcorp-io/block-user-service/repository/user_repository/update_security.go:61.2,64.17 4 1
github.com/softcorp-io/block-user-service/repository/user_repository/update_security.go:13.35,15.3 1 1
github.com/softcorp-io/block-user-service/repository/user_repository/update_security.go:16.51,18.3 1 1
github.com/softcorp-io/block-user-service/repository/user_repository/update_security.go:20.16,22.3 1 0
github.com/softcorp-io/block-user-service/repository/user_repository/update_security.go:25.27,28.3 1 1
github.com/softcorp-io/block-user-service/repository/user_repository/update_security.go:28.8,32.74 4 1
github.com/softcorp-io/block-user-service/repository/user_repository/update_security.go:32.74,34.4 1 0
github.com/softcorp-io/block-user-service/repository/user_repository/update_security.go:54.16,56.3 1 0
github.com/softcorp-io/block-user-service/repository/user_repository/update_security.go:57.36,59.3 1 0
github.com/softcorp-io/block-user-service/repository/user_repository/user_repository.go:84.215,101.89 2 1
github.com/softcorp-io/block-user-service/repository/user_repository/user_repository.go:104.2,120.85 2 1
github.com/softcorp-io/block-user-service/repository/user_repository/user_repository.go:123.2,129.8 1 1
github.com/softcorp-io/block-user-service/repository/user_repository/user_repository.go:101.89,103.3 1 0
github.com/softcorp-io/block-user-service/repository/user_repository/user_repository.go:120.85,122.3 1 0
github.com/softcorp-io/block-user-service/repository/user_repository/user_repository.go:132.194,134.2 1 0
github.com/softcorp-io/block-user-service/repository/user_repository/user_repository_mock.go:20.148,23.16 2 1
github.com/softcorp-io/block-user-service/repository/user_repository/user_repository_mock.go:27.2,27.66 1 1
github.com/softcorp-io/block-user-service/repository/user_repository/user_repository_mock.go:31.2,32.6 2 1
github.com/softcorp-io/block-user-service/repository/user_repository/user_repository_mock.go:42.2,53.16 2 1
github.com/softcorp-io/block-user-service/repository/user_repository/user_repository_mock.go:57.2,61.35 4 1
github.com/softcorp-io/block-user-service/repository/user_repository/user_repository_mock.go:80.2,80.42 1 1
github.com/softcorp-io/block-user-service/repository/user_repository/user_repository_mock.go:23.16,25.3 1 0
github.com/softcorp-io/block-user-service/repository/user_repository/user_repository_mock.go:27.66,29.3 1 0
github.com/softcorp-io/block-user-service/repository/user_repository/user_repository_mock.go:32.6,34.17 2 1
github.com/softcorp-io/block-user-service/repository/user_repository/user_repository_mock.go:39.3,39.13 1 0
github.com/softcorp-io/block-user-service/repository/user_repository/user_repository_mock.go:34.17,37.9 3 1
github.com/softcorp-io/block-user-service/repository/user_repository/user_repository_mock.go:53.16,55.3 1 0
github.com/softcorp-io/block-user-service/repository/user_repository/user_repository_mock.go:61.35,66.17 5 1
github.com/softcorp-io/block-user-service/repository/user_repository/user_repository_mock.go:69.3,70.13 2 1
github.com/softcorp-io/block-user-service/repository/user_repository/user_repository_mock.go:66.17,68.4 1 0
github.com/softcorp-io/block-user-service/repository/user_repository/user_repository_mock.go:71.17,72.47 1 0
github.com/softcorp-io/block-user-service/repository/user_repository/user_repository_mock.go:75.3,75.67 1 0
github.com/softcorp-io/block-user-service/repository/user_repository/user_repository_mock.go:78.3,78.35 1 0
github.com/softcorp-io/block-user-service/repository/user_repository/user_repository_mock.go:72.47,74.4 1 0
github.com/softcorp-io/block-user-service/repository/user_repository/user_repository_mock.go:75.67,77.4 1 0
github.com/softcorp-io/block-user-service/repository/user_repository/count.go:8.69,10.16 2 1
github.com/softcorp-io/block-user-service/repository/user_repository/count.go:13.2,13.19 1 1
github.com/softcorp-io/block-user-service/repository/user_repository/count.go:10.16,12.3 1 0
github.com/softcorp-io/block-user-service/repository/user_repository/delete.go:11.82,13.52 2 1
github.com/softcorp-io/block-user-service/repository/user_repository/delete.go:16.2,17.19 2 1
github.com/softcorp-io/block-user-service/repository/user_repository/delete.go:24.2,25.16 2 1
github.com/softcorp-io/block-user-service/repository/user_repository/delete.go:28.2,28.30 1 1
github.com/softcorp-io/block-user-service/repository/user_repository/delete.go:31.2,31.12 1 1
github.com/softcorp-io/block-user-service/repository/user_repository/delete.go:13.52,15.3 1 0
github.com/softcorp-io/block-user-service/repository/user_repository/delete.go:17.19,19.3 1 1
github.com/softcorp-io/block-user-service/repository/user_repository/delete.go:19.8,19.29 1 0
github.com/softcorp-io/block-user-service/repository/user_repository/delete.go:19.29,21.3 1 0
github.com/softcorp-io/block-user-service/repository/user_repository/delete.go:21.8,21.34 1 0
github.com/softcorp-io/block-user-service/repository/user_repository/delete.go:21.34,23.3 1 0
github.com/softcorp-io/block-user-service/repository/user_repository/delete.go:25.16,27.3 1 0
github.com/softcorp-io/block-user-service/repository/user_repository/delete.go:28.30,30.3 1 0
github.com/softcorp-io/block-user-service/repository/user_repository/get.go:11.111,13.52 2 1
github.com/softcorp-io/block-user-service/repository/user_repository/get.go:16.2,17.19 2 1
github.com/softcorp-io/block-user-service/repository/user_repository/get.go:24.2,25.72 2 1
github.com/softcorp-io/block-user-service/repository/user_repository/get.go:28.2,28.54 1 1
github.com/softcorp-io/block-user-service/repository/user_repository/get.go:34.2,37.92 4 1
github.com/softcorp-io/block-user-service/repository/user_repository/get.go:42.2,42.36 1 1
github.com/softcorp-io/block-user-service/repository/user_repository/get.go:13.52,15.3 1 0
github.com/softcorp-io/block-user-service/repository/user_repository/get.go:17.19,19.3 1 1
github.com/softcorp-io/block-user-service/repository/user_repository/get.go:19.8,19.29 1 1
github.com/softcorp-io/block-user-service/repository/user_repository/get.go:19.29,21.3 1 1
github.com/softcorp-io/block-user-service/repository/user_repository/get.go:21.8,21.34 1 1
github.com/softcorp-io/block-user-service/repository/user_repository/get.go:21.34,23.3 1 1
github.com/softcorp-io/block-user-service/repository/user_repository/get.go:25.72,27.3 1 1
github.com/softcorp-io/block-user-service/repository/user_repository/get.go:28.54,29.60 1 1
github.com/softcorp-io/block-user-service/repository/user_repository/get.go:29.60,31.4 1 0
github.com/softcorp-io/block-user-service/repository/user_repository/get.go:37.92,38.70 1 1
github.com/softcorp-io/block-user-service/repository/user_repository/get.go:38.70,40.4 1 0
github.com/softcorp-io/block-user-service/repository/user_repository/delete_all.go:7.64,8.47 1 1
github.com/softcorp-io/block-user-service/repository/user_repository/delete_all.go:11.2,11.12 1 1
github.com/softcorp-io/block-user-service/repository/user_repository/delete_all.go:8.47,10.3 1 0
github.com/softcorp-io/block-user-service/repository/user_repository/delete_batch.go:12.94,16.33 4 1
github.com/softcorp-io/block-user-service/repository/user_repository/delete_batch.go:29.2,32.18 4 1
github.com/softcorp-io/block-user-service/repository/user_repository/delete_batch.go:35.2,35.21 1 1
github.com/softcorp-io/block-user-service/repository/user_repository/delete_batch.go:38.2,38.26 1 1
github.com/softcorp-io/block-user-service/repository/user_repository/delete_batch.go:41.2,49.64 2 1
github.com/softcorp-io/block-user-service/repository/user_repository/delete_batch.go:52.2,52.12 1 1
github.com/softcorp-io/block-user-service/repository/user_repository/delete_batch.go:16.33,17.18 1 1
github.com/softcorp-io/block-user-service/repository/user_repository/delete_batch.go:20.3,21.20 2 1
github.com/softcorp-io/block-user-service/repository/user_repository/delete_batch.go:17.18,19.4 1 0
github.com/softcorp-io/block-user-service/repository/user_repository/delete_batch.go:21.20,23.4 1 1
github.com/softcorp-io/block-user-service/repository/user_repository/delete_batch.go:23.9,23.30 1 0
github.com/softcorp-io/block-user-service/repository/user_repository/delete_batch.go:23.30,25.4 1 0
github.com/softcorp-io/block-user-service/repository/user_repository/delete_batch.go:25.9,25.35 1 0
github.com/softcorp-io/block-user-service/repository/user_repository/delete_batch.go:25.35,27.4 1 0
github.com/softcorp-io/block-user-service/repository/user_repository/delete_batch.go:32.18,34.3 1 1
github.com/softcorp-io/block-user-service/repository/user_repository/delete_batch.go:35.21,37.3 1 0
github.com/softcorp-io/block-user-service/repository/user_repository/delete_batch.go:38.26,40.3 1 0
github.com/softcorp-io/block-user-service/repository/user_repository/delete_batch.go:49.64,51.3 1 0
github.com/softcorp-io/block-user-service/repository/user_repository/upgrade_encryption_level.go:10.97,11.17 1 1
github.com/softcorp-io/block-user-service/repository/user_repository/upgrade_encryption_level.go:14.2,14.40 1 1
github.com/softcorp-io/block-user-service/repository/user_repository/upgrade_encryption_level.go:17.2,18.16 2 1
github.com/softcorp-io/block-user-service/repository/user_repository/upgrade_encryption_level.go:22.2,22.61 1 1
github.com/softcorp-io/block-user-service/repository/user_repository/upgrade_encryption_level.go:26.2,26.135 1 1
github.com/softcorp-io/block-user-service/repository/user_repository/upgrade_encryption_level.go:53.2,53.12 1 1
github.com/softcorp-io/block-user-service/repository/user_repository/upgrade_encryption_level.go:11.17,13.3 1 0
github.com/softcorp-io/block-user-service/repository/user_repository/upgrade_encryption_level.go:14.40,16.3 1 0
github.com/softcorp-io/block-user-service/repository/user_repository/upgrade_encryption_level.go:18.16,20.3 1 0
github.com/softcorp-io/block-user-service/repository/user_repository/upgrade_encryption_level.go:22.61,24.3 1 0
github.com/softcorp-io/block-user-service/repository/user_repository/upgrade_encryption_level.go:26.135,28.77 2 1
github.com/softcorp-io/block-user-service/repository/user_repository/upgrade_encryption_level.go:31.3,47.23 2 1
github.com/softcorp-io/block-user-service/repository/user_repository/upgrade_encryption_level.go:50.3,51.63 2 1
github.com/softcorp-io/block-user-service/repository/user_repository/upgrade_encryption_level.go:28.77,30.4 1 0
github.com/softcorp-io/block-user-service/repository/user_repository/upgrade_encryption_level.go:47.23,49.4 1 0
github.com/softcorp-io/block-user-service/repository/user_repository/update_password.go:13.130,15.51 2 1
github.com/softcorp-io/block-user-service/repository/user_repository/update_password.go:18.2,19.65 2 1
github.com/softcorp-io/block-user-service/repository/user_repository/update_password.go:22.2,23.16 2 1
github.com/softcorp-io/block-user-service/repository/user_repository/update_password.go:26.2,35.18 5 1
github.com/softcorp-io/block-user-service/repository/user_repository/update_password.go:42.2,47.16 2 1
github.com/softcorp-io/block-user-service/repository/user_repository/update_password.go:50.2,50.36 1 1
github.com/softcorp-io/block-user-service/repository/user_repository/update_password.go:53.2,53.20 1 1
github.com/softcorp-io/block-user-service/repository/user_repository/update_password.go:15.51,17.3 1 1
github.com/softcorp-io/block-user-service/repository/user_repository/update_password.go:19.65,21.3 1 1
github.com/softcorp-io/block-user-service/repository/user_repository/update_password.go:23.16,25.3 1 0
github.com/softcorp-io/block-user-service/repository/user_repository/update_password.go:35.18,37.3 1 1
github.com/softcorp-io/block-user-service/repository/user_repository/update_password.go:37.8,37.28 1 1
github.com/softcorp-io/block-user-service/repository/user_repository/update_password.go:37.28,39.3 1 1
github.com/softcorp-io/block-user-service/repository/user_repository/update_password.go:39.8,39.33 1 1
github.com/softcorp-io/block-user-service/repository/user_repository/update_password.go:39.33,41.3 1 1
github.com/softcorp-io/block-user-service/repository/user_repository/update_password.go:47.16,49.3 1 0
github.com/softcorp-io/block-user-service/repository/user_repository/update_password.go:50.36,52.3 1 0
github.com/softcorp-io/block-user-service/repository/user_repository/create.go:12.100,14.55 2 1
github.com/softcorp-io/block-user-service/repository/user_repository/create.go:17.2,18.22 2 1
github.com/softcorp-io/block-user-service/repository/user_repository/create.go:21.2,21.25 1 1
github.com/softcorp-io/block-user-service/repository/user_repository/create.go:28.2,30.65 3 1
github.com/softcorp-io/block-user-service/repository/user_repository/create.go:33.2,33.63 1 1
github.com/softcorp-io/block-user-service/repository/user_repository/create.go:37.2,42.18 6 1
github.com/softcorp-io/block-user-service/repository/user_repository/create.go:14.55,16.3 1 1
github.com/softcorp-io/block-user-service/repository/user_repository/create.go:18.22,20.3 1 1
github.com/softcorp-io/block-user-service/repository/user_repository/create.go:21.25,23.17 2 1
github.com/softcorp-io/block-user-service/repository/user_repository/create.go:26.3,26.41 1 1
github.com/softcorp-io/block-user-service/repository/user_repository/create.go:23.17,25.4 1 0
github.com/softcorp-io/block-user-service/repository/user_repository/create.go:30.65,32.3 1 0
github.com/softcorp-io/block-user-service/repository/user_repository/create.go:33.63,35.3 1 0
github.com/softcorp-io/block-user-service/repository/user_repository/decrypt_user.go:8.92,9.17 1 1
github.com/softcorp-io/block-user-service/repository/user_repository/decrypt_user.go:13.2,13.28 1 1
github.com/softcorp-io/block-user-service/repository/user_repository/decrypt_user.go:26.2,26.61 1 1
github.com/softcorp-io/block-user-service/repository/user_repository/decrypt_user.go:31.2,31.12 1 1
github.com/softcorp-io/block-user-service/repository/user_repository/decrypt_user.go:9.17,11.3 1 0
github.com/softcorp-io/block-user-service/repository/user_repository/decrypt_user.go:13.28,14.68 1 1
github.com/softcorp-io/block-user-service/repository/user_repository/decrypt_user.go:14.68,16.18 2 1
github.com/softcorp-io/block-user-service/repository/user_repository/decrypt_user.go:19.4,19.55 1 1
github.com/softcorp-io/block-user-service/repository/user_repository/decrypt_user.go:16.18,18.5 1 0
github.com/softcorp-io/block-user-service/repository/user_repository/decrypt_user.go:19.55,21.5 1 0
github.com/softcorp-io/block-user-service/repository/user_repository/decrypt_user.go:22.9,24.4 1 0
github.com/softcorp-io/block-user-service/repository/user_repository/decrypt_user.go:26.61,27.66 1 1
github.com/softcorp-io/block-user-service/repository/user_repository/decrypt_user.go:27.66,29.4 1 0
github.com/softcorp-io/block-user-service/repository/user_repository/decrypt_user.go:34.75,35.17 1 1
github.com/softcorp-io/block-user-service/repository/user_repository/decrypt_user.go:38.2,38.22 1 1
github.com/softcorp-io/block-user-service/repository/user_repository/decrypt_user.go:45.2,45.22 1 1
github.com/softcorp-io/block-user-service/repository/user_repository/decrypt_user.go:52.2,52.25 1 1
github.com/softcorp-io/block-user-service/repository/user_repository/decrypt_user.go:59.2,59.12 1 1
github.com/softcorp-io/block-user-service/repository/user_repository/decrypt_user.go:35.17,37.3 1 0
github.com/softcorp-io/block-user-service/repository/user_repository/decrypt_user.go:38.22,40.17 2 1
github.com/softcorp-io/block-user-service/repository/user_repository/decrypt_user.go:43.3,43.24 1 1
github.com/softcorp-io/block-user-service/repository/user_repository/decrypt_user.go:40.17,42.4 1 0
github.com/softcorp-io/block-user-service/repository/user_repository/decrypt_user.go:45.22,47.17 2 1
github.com/softcorp-io/block-user-service/repository/user_repository/decrypt_user.go:50.3,50.24 1 1
github.com/softcorp-io/block-user-service/repository/user_repository/decrypt_user.go:47.17,49.4 1 0
github.com/softcorp-io/block-user-service/repository/user_repository/decrypt_user.go:52.25,54.17 2 1
github.com/softcorp-io/block-user-service/repository/user_repository/decrypt_user.go:57.3,57.30 1 1
github.com/softcorp-io/block-user-service/repository/user_repository/decrypt_user.go:54.17,56.4 1 0
github.com/softcorp-io/block-user-service/repository/user_repository/get_all.go:12.114,18.23 6 1
github.com/softcorp-io/block-user-service/repository/user_repository/get_all.go:39.2,40.16 2 1
github.com/softcorp-io/block-user-service/repository/user_repository/get_all.go:43.2,43.23 1 1
github.com/softcorp-io/block-user-service/repository/user_repository/get_all.go:57.2,57.18 1 1
github.com/softcorp-io/block-user-service/repository/user_repository/get_all.go:18.23,20.50 2 1
github.com/softcorp-io/block-user-service/repository/user_repository/get_all.go:23.3,23.26 1 1
github.com/softcorp-io/block-user-service/repository/user_repository/get_all.go:31.3,31.48 1 1
github.com/softcorp-io/block-user-service/repository/user_repository/get_all.go:20.50,22.4 1 0
github.com/softcorp-io/block-user-service/repository/user_repository/get_all.go:24.39,25.70 1 1
github.com/softcorp-io/block-user-service/repository/user_repository/get_all.go:26.38,27.70 1 0
github.com/softcorp-io/block-user-service/repository/user_repository/get_all.go:28.11,29.45 1 0
github.com/softcorp-io/block-user-service/repository/user_repository/get_all.go:31.48,32.55 1 1
github.com/softcorp-io/block-user-service/repository/user_repository/get_all.go:35.4,36.48 2 1
github.com/softcorp-io/block-user-service/repository/user_repository/get_all.go:32.55,34.5 1 0
github.com/softcorp-io/block-user-service/repository/user_repository/get_all.go:40.16,42.3 1 0
github.com/softcorp-io/block-user-service/repository/user_repository/get_all.go:43.23,45.46 2 1
github.com/softcorp-io/block-user-service/repository/user_repository/get_all.go:49.3,49.55 1 1
github.com/softcorp-io/block-user-service/repository/user_repository/get_all.go:54.3,54.46 1 1
github.com/softcorp-io/block-user-service/repository/user_repository/get_all.go:45.46,47.4 1 0
github.com/softcorp-io/block-user-service/repository/user_repository/get_all.go:49.55,50.58 1 1
github.com/softcorp-io/block-user-service/repository/user_repository/get_all.go:50.58,52.5 1 0
